  SRI.cpp
C:\Users\yanbw\source\repos\novo\WAN-\liu2007\SRI.cpp(28,9): warning C4244: 'initializing': conversion from 'double' to 'int', possible loss of data
C:\Users\yanbw\source\repos\novo\WAN-\liu2007\SRI.cpp(149,20): warning C4477: 'sprintf' : format string '%s' requires an argument of type 'char *', but variadic argument 1 has type 'std::string'
C:\Users\yanbw\source\repos\novo\WAN-\liu2007\SRI.cpp(151,20): warning C4477: 'sprintf' : format string '%s' requires an argument of type 'char *', but variadic argument 1 has type 'std::string'
C:\Users\yanbw\source\repos\novo\WAN-\liu2007\SRI.cpp(151,20): warning C4477: 'sprintf' : format string '%s' requires an argument of type 'char *', but variadic argument 2 has type 'std::string'
C:\Users\yanbw\source\repos\novo\WAN-\liu2007\SRI.cpp(153,20): warning C4477: 'sprintf' : format string '%s' requires an argument of type 'char *', but variadic argument 1 has type 'std::string'
C:\Users\yanbw\source\repos\novo\WAN-\liu2007\SRI.cpp(153,20): warning C4477: 'sprintf' : format string '%s' requires an argument of type 'char *', but variadic argument 2 has type 'std::string'
C:\Users\yanbw\source\repos\novo\WAN-\liu2007\SRI.cpp(153,20): warning C4477: 'sprintf' : format string '%s' requires an argument of type 'char *', but variadic argument 3 has type 'std::string'
C:\Users\yanbw\source\repos\novo\WAN-\liu2007\SRI.cpp(155,20): warning C4477: 'sprintf' : format string '%s' requires an argument of type 'char *', but variadic argument 1 has type 'std::string'
C:\Users\yanbw\source\repos\novo\WAN-\liu2007\SRI.cpp(155,20): warning C4477: 'sprintf' : format string '%s' requires an argument of type 'char *', but variadic argument 2 has type 'std::string'
C:\Users\yanbw\source\repos\novo\WAN-\liu2007\SRI.cpp(155,20): warning C4477: 'sprintf' : format string '%s' requires an argument of type 'char *', but variadic argument 3 has type 'std::string'
C:\Users\yanbw\source\repos\novo\WAN-\liu2007\SRI.cpp(157,20): warning C4477: 'sprintf' : format string '%s' requires an argument of type 'char *', but variadic argument 1 has type 'std::string'
C:\Users\yanbw\source\repos\novo\WAN-\liu2007\SRI.cpp(157,20): warning C4477: 'sprintf' : format string '%s' requires an argument of type 'char *', but variadic argument 2 has type 'std::string'
C:\Users\yanbw\source\repos\novo\WAN-\liu2007\SRI.cpp(157,20): warning C4477: 'sprintf' : format string '%s' requires an argument of type 'char *', but variadic argument 3 has type 'std::string'
C:\Users\yanbw\source\repos\novo\WAN-\liu2007\SRI.cpp(138,21): warning C4101: 'a': unreferenced local variable
C:\Users\yanbw\source\repos\novo\WAN-\liu2007\SRI.cpp(138,28): warning C4101: 'b': unreferenced local variable
C:\Users\yanbw\source\repos\novo\WAN-\liu2007\SRI.cpp(174,16): warning C4129: ' ': unrecognized character escape sequence
  Generating code
  23 of 327 functions ( 7.0%) were compiled, the rest were copied from previous compilation.
    0 functions were new in current compilation
    3 functions had inline decision re-evaluated but remain unchanged
  Finished generating code
  SRI.vcxproj -> C:\Users\yanbw\source\repos\novo\WAN-\liu2007\x64\Release\SRI.exe
