c:\users\yanbw\source\repos\sri\x64\debug\vc142.pdb
c:\users\yanbw\source\repos\sri\x64\debug\vc142.idb
c:\users\yanbw\source\repos\sri\x64\debug\utils.obj
c:\users\yanbw\source\repos\sri\x64\debug\matrix.obj
c:\users\yanbw\source\repos\presapredador\x64\debug\vc142.pdb
c:\users\yanbw\source\repos\presapredador\x64\debug\vc142.idb
c:\users\yanbw\source\repos\presapredador\x64\debug\utils.obj
c:\users\yanbw\source\repos\presapredador\x64\debug\sri.obj
c:\users\yanbw\source\repos\presapredador\x64\debug\matrix.obj
c:\users\yanbw\source\repos\presapredador\x64\debug\display.obj
c:\users\yanbw\source\repos\wan\x64\debug\vc142.pdb
c:\users\yanbw\source\repos\wan\x64\debug\vc142.idb
c:\users\yanbw\source\repos\wan\x64\debug\utils.obj
c:\users\yanbw\source\repos\wan\x64\debug\sri.obj
c:\users\yanbw\source\repos\wan\x64\debug\matrix.obj
c:\users\yanbw\source\repos\wan\x64\debug\display.obj
c:\users\yanbw\source\repos\presapredador\x64\debug\sri.exe
c:\users\yanbw\source\repos\presapredador\x64\debug\sri.ilk
c:\users\yanbw\source\repos\presapredador\x64\debug\sri.pdb
c:\users\yanbw\source\repos\wan\x64\debug\sri.exe
c:\users\yanbw\source\repos\wan\x64\debug\sri.ilk
c:\users\yanbw\source\repos\wan\x64\debug\sri.pdb
c:\users\yanbw\source\repos\wan\x64\debug\sri.tlog\cl.command.1.tlog
c:\users\yanbw\source\repos\wan\x64\debug\sri.tlog\cl.read.1.tlog
c:\users\yanbw\source\repos\wan\x64\debug\sri.tlog\cl.write.1.tlog
c:\users\yanbw\source\repos\wan\x64\debug\sri.tlog\link.command.1.tlog
c:\users\yanbw\source\repos\wan\x64\debug\sri.tlog\link.read.1.tlog
c:\users\yanbw\source\repos\wan\x64\debug\sri.tlog\link.write.1.tlog
